<?xml version="1.0" encoding="UTF-8"?>
<testsuite name="OrderAndChaos.MakeTurn" tests="7" skipped="0" failures="0" errors="0" timestamp="2024-01-06T18:19:38" hostname="IT0C1EZY4D.station" time="0.11">
  <properties/>
  <testcase name="[1] 1, 2, X" classname="OrderAndChaos.MakeTurn" time="0.064"/>
  <testcase name="[2] 3, 4, O" classname="OrderAndChaos.MakeTurn" time="0.007"/>
  <testcase name="[3] 5, 5, X" classname="OrderAndChaos.MakeTurn" time="0.004"/>
  <testcase name="[1] invalid input" classname="OrderAndChaos.MakeTurn" time="0.005"/>
  <testcase name="[2] 7" classname="OrderAndChaos.MakeTurn" time="0.003"/>
  <testcase name="[3] X" classname="OrderAndChaos.MakeTurn" time="0.003"/>
  <testcase name="[4] 0" classname="OrderAndChaos.MakeTurn" time="0.002"/>
  <system-out><![CDATA[-------------------------
|   |   |   |   |   |   | 
-------------------------
|   |   | X |   |   |   | 
-------------------------
|   |   |   |   |   |   | 
-------------------------
|   |   |   |   |   |   | 
-------------------------
|   |   |   |   |   |   | 
-------------------------
|   |   |   |   |   |   | 
-------------------------
-------------------------
|   |   |   |   |   |   | 
-------------------------
|   |   |   |   |   |   | 
-------------------------
|   |   |   |   |   |   | 
-------------------------
|   |   |   |   | O |   | 
-------------------------
|   |   |   |   |   |   | 
-------------------------
|   |   |   |   |   |   | 
-------------------------
-------------------------
|   |   |   |   |   |   | 
-------------------------
|   |   |   |   |   |   | 
-------------------------
|   |   |   |   |   |   | 
-------------------------
|   |   |   |   |   |   | 
-------------------------
|   |   |   |   |   |   | 
-------------------------
|   |   |   |   |   | X | 
-------------------------
Input non valido. Assicurati di inserire tre componenti separate da virgola.
Input non valido. Assicurati di inserire tre componenti separate da virgola.
Input non valido. Assicurati di inserire tre componenti separate da virgola.
Input non valido. Assicurati di inserire tre componenti separate da virgola.
]]></system-out>
  <system-err><![CDATA[]]></system-err>
</testsuite>
