<?xml version="1.0" encoding="UTF-8"?>
<testsuite name="OrderAndChaos.MakeTurn" tests="3" skipped="0" failures="0" errors="0" timestamp="2024-01-06T17:42:54" hostname="IT0C1EZY4D.station" time="0.094">
  <properties/>
  <testcase name="[1] 1, 2, X" classname="OrderAndChaos.MakeTurn" time="0.072"/>
  <testcase name="[2] 3, 4, O" classname="OrderAndChaos.MakeTurn" time="0.003"/>
  <testcase name="[3] 5, 5, X" classname="OrderAndChaos.MakeTurn" time="0.008"/>
  <system-out><![CDATA[-------------------------
|   |   |   |   |   |   | 
-------------------------
|   |   | X |   |   |   | 
-------------------------
|   |   |   |   |   |   | 
-------------------------
|   |   |   |   |   |   | 
-------------------------
|   |   |   |   |   |   | 
-------------------------
|   |   |   |   |   |   | 
-------------------------
-------------------------
|   |   |   |   |   |   | 
-------------------------
|   |   |   |   |   |   | 
-------------------------
|   |   |   |   |   |   | 
-------------------------
|   |   |   |   | O |   | 
-------------------------
|   |   |   |   |   |   | 
-------------------------
|   |   |   |   |   |   | 
-------------------------
-------------------------
|   |   |   |   |   |   | 
-------------------------
|   |   |   |   |   |   | 
-------------------------
|   |   |   |   |   |   | 
-------------------------
|   |   |   |   |   |   | 
-------------------------
|   |   |   |   |   |   | 
-------------------------
|   |   |   |   |   | X | 
-------------------------
]]></system-out>
  <system-err><![CDATA[]]></system-err>
</testsuite>
