<?xml version="1.0" encoding="UTF-8"?>
<testsuite name="OrderAndChaos.TestGame" tests="13" skipped="0" failures="0" errors="0" timestamp="2024-01-15T15:09:39" hostname="pier.station" time="0.295">
  <properties/>
  <testcase name="testChaosWin()" classname="OrderAndChaos.TestGame" time="0.017"/>
  <testcase name="testCheckCol()" classname="OrderAndChaos.TestGame" time="0.001"/>
  <testcase name="testCheckRow()" classname="OrderAndChaos.TestGame" time="0.0"/>
  <testcase name="[1] 1, 1, 2" classname="OrderAndChaos.TestGame" time="0.026"/>
  <testcase name="[2] 1, 2, 3" classname="OrderAndChaos.TestGame" time="0.007"/>
  <testcase name="[3] 2, 1, 4" classname="OrderAndChaos.TestGame" time="0.001"/>
  <testcase name="[1] 1, 4, 5" classname="OrderAndChaos.TestGame" time="0.002"/>
  <testcase name="[2] 1, 3, 6" classname="OrderAndChaos.TestGame" time="0.002"/>
  <testcase name="[3] 2, 4, 7" classname="OrderAndChaos.TestGame" time="0.003"/>
  <testcase name="[1] 0,2,1,2,2,2,3,2,4,2,5" classname="OrderAndChaos.TestGame" time="0.006"/>
  <testcase name="[2] 1,0,1,1,1,2,1,3,1,4,1" classname="OrderAndChaos.TestGame" time="0.008"/>
  <testcase name="[3] 2,0,0,1,1,2,2,3,3,4,4" classname="OrderAndChaos.TestGame" time="0.005"/>
  <testcase name="testOrderWin()" classname="OrderAndChaos.TestGame" time="0.003"/>
  <system-out><![CDATA[]]></system-out>
  <system-err><![CDATA[]]></system-err>
</testsuite>
